2026-02-07T11:55:18.649-03:00  INFO 14189 --- [itau-backend] [main] c.e.itau_backend.ItauBackendApplication  : Starting ItauBackendApplication using Java 25.0.2 with PID 14189 (/home/lucas/git-clones/java/itau-backend/target/classes started by lucas in /home/lucas/git-clones/java/itau-backend)
2026-02-07T11:55:18.652-03:00  INFO 14189 --- [itau-backend] [main] c.e.itau_backend.ItauBackendApplication  : No active profile set, falling back to 1 default profile: "default"
2026-02-07T11:55:19.298-03:00  INFO 14189 --- [itau-backend] [main] o.s.boot.tomcat.TomcatWebServer          : Tomcat initialized with port 8080 (http)
2026-02-07T11:55:19.307-03:00  INFO 14189 --- [itau-backend] [main] o.apache.catalina.core.StandardService   : Starting service [Tomcat]
2026-02-07T11:55:19.307-03:00  INFO 14189 --- [itau-backend] [main] o.apache.catalina.core.StandardEngine    : Starting Servlet engine: [Apache Tomcat/11.0.15]
2026-02-07T11:55:19.334-03:00  INFO 14189 --- [itau-backend] [main] b.w.c.s.WebApplicationContextInitializer : Root WebApplicationContext: initialization completed in 651 ms
2026-02-07T11:55:19.718-03:00  INFO 14189 --- [itau-backend] [main] o.s.b.a.e.web.EndpointLinksResolver      : Exposing 3 endpoints beneath base path '/actuator'
2026-02-07T11:55:19.752-03:00  INFO 14189 --- [itau-backend] [main] o.s.boot.tomcat.TomcatWebServer          : Tomcat started on port 8080 (http) with context path '/'
2026-02-07T11:55:19.757-03:00  INFO 14189 --- [itau-backend] [main] c.e.itau_backend.ItauBackendApplication  : Started ItauBackendApplication in 1.394 seconds (process running for 1.608)
2026-02-07T11:56:01.067-03:00  INFO 14189 --- [itau-backend] [http-nio-8080-exec-2] o.a.c.c.C.[Tomcat].[localhost].[/]       : Initializing Spring DispatcherServlet 'dispatcherServlet'
2026-02-07T11:56:01.068-03:00  INFO 14189 --- [itau-backend] [http-nio-8080-exec-2] o.s.web.servlet.DispatcherServlet        : Initializing Servlet 'dispatcherServlet'
2026-02-07T11:56:01.069-03:00  INFO 14189 --- [itau-backend] [http-nio-8080-exec-2] o.s.web.servlet.DispatcherServlet        : Completed initialization in 1 ms
2026-02-07T11:56:01.136-03:00  INFO 14189 --- [itau-backend] [http-nio-8080-exec-2] c.e.i.common.logger.LoggerRequestFilter  : Request: GET/estatistica | Response: 200 | Duration: 60ms
2026-02-07T11:56:05.897-03:00  INFO 14189 --- [itau-backend] [http-nio-8080-exec-3] c.e.i.common.logger.LoggerRequestFilter  : Request: POST/transacao | Response: 201 | Duration: 77ms
2026-02-07T11:56:06.338-03:00  INFO 14189 --- [itau-backend] [http-nio-8080-exec-4] c.e.i.common.logger.LoggerRequestFilter  : Request: POST/transacao | Response: 201 | Duration: 1ms
2026-02-07T11:56:06.511-03:00  INFO 14189 --- [itau-backend] [http-nio-8080-exec-5] c.e.i.common.logger.LoggerRequestFilter  : Request: POST/transacao | Response: 201 | Duration: 2ms
2026-02-07T11:56:06.666-03:00  INFO 14189 --- [itau-backend] [http-nio-8080-exec-6] c.e.i.common.logger.LoggerRequestFilter  : Request: POST/transacao | Response: 201 | Duration: 1ms
2026-02-07T11:56:06.805-03:00  INFO 14189 --- [itau-backend] [http-nio-8080-exec-7] c.e.i.common.logger.LoggerRequestFilter  : Request: POST/transacao | Response: 201 | Duration: 1ms
2026-02-07T11:56:10.506-03:00  INFO 14189 --- [itau-backend] [http-nio-8080-exec-8] c.e.i.common.logger.LoggerRequestFilter  : Request: GET/estatistica | Response: 200 | Duration: 2ms
2026-02-07T11:57:29.083-03:00  INFO 14189 --- [itau-backend] [http-nio-8080-exec-10] c.e.i.common.logger.LoggerRequestFilter  : Request: GET/actuator/prometheus | Response: 200 | Duration: 52ms
2026-02-07T11:57:43.222-03:00  INFO 14189 --- [itau-backend] [http-nio-8080-exec-2] c.e.i.common.logger.LoggerRequestFilter  : Request: GET/actuator/prometheus | Response: 200 | Duration: 5ms
2026-02-07T11:57:43.928-03:00  INFO 14189 --- [itau-backend] [http-nio-8080-exec-3] c.e.i.common.logger.LoggerRequestFilter  : Request: GET/actuator/prometheus | Response: 200 | Duration: 8ms
2026-02-07T11:57:44.127-03:00  INFO 14189 --- [itau-backend] [http-nio-8080-exec-4] c.e.i.common.logger.LoggerRequestFilter  : Request: GET/actuator/prometheus | Response: 200 | Duration: 4ms
2026-02-07T11:57:44.475-03:00  INFO 14189 --- [itau-backend] [http-nio-8080-exec-5] c.e.i.common.logger.LoggerRequestFilter  : Request: GET/actuator/prometheus | Response: 200 | Duration: 5ms
2026-02-07T11:57:47.269-03:00  INFO 14189 --- [itau-backend] [http-nio-8080-exec-6] c.e.i.common.logger.LoggerRequestFilter  : Request: GET/actuator/prometheus | Response: 200 | Duration: 4ms
2026-02-07T12:06:57.337-03:00  INFO 14189 --- [itau-backend] [http-nio-8080-exec-8] c.e.i.common.logger.LoggerRequestFilter  : Request: GET/ | Response: 404 | Duration: 5ms
2026-02-07T12:07:23.002-03:00  INFO 14189 --- [itau-backend] [http-nio-8080-exec-9] c.e.i.common.logger.LoggerRequestFilter  : Request: GET/estatistica | Response: 200 | Duration: 1ms
2026-02-07T12:07:23.130-03:00  INFO 14189 --- [itau-backend] [http-nio-8080-exec-10] c.e.i.common.logger.LoggerRequestFilter  : Request: GET/favicon.ico | Response: 404 | Duration: 14ms
2026-02-07T12:07:40.440-03:00  INFO 14189 --- [itau-backend] [http-nio-8080-exec-1] c.e.i.common.logger.LoggerRequestFilter  : Request: GET/estatistica | Response: 200 | Duration: 2ms
2026-02-07T12:08:10.312-03:00  INFO 14189 --- [itau-backend] [http-nio-8080-exec-2] c.e.i.common.logger.LoggerRequestFilter  : Request: GET/estatistica | Response: 200 | Duration: 1ms
2026-02-07T12:38:58.449-03:00  INFO 14189 --- [itau-backend] [SpringApplicationShutdownHook] o.s.boot.tomcat.GracefulShutdown         : Commencing graceful shutdown. Waiting for active requests to complete
2026-02-07T12:38:58.459-03:00  INFO 14189 --- [itau-backend] [tomcat-shutdown] o.s.boot.tomcat.GracefulShutdown         : Graceful shutdown complete
2026-02-07T12:40:22.260-03:00  INFO 147658 --- [itau-backend] [main] c.e.itau_backend.ItauBackendApplication  : Starting ItauBackendApplication using Java 25.0.2 with PID 147658 (/home/lucas/git-clones/java/itau-backend/target/classes started by lucas in /home/lucas/git-clones/java/itau-backend)
2026-02-07T12:40:22.261-03:00  INFO 147658 --- [itau-backend] [main] c.e.itau_backend.ItauBackendApplication  : No active profile set, falling back to 1 default profile: "default"
2026-02-07T12:40:22.852-03:00  INFO 147658 --- [itau-backend] [main] o.s.boot.tomcat.TomcatWebServer          : Tomcat initialized with port 8080 (http)
2026-02-07T12:40:22.861-03:00  INFO 147658 --- [itau-backend] [main] o.apache.catalina.core.StandardService   : Starting service [Tomcat]
2026-02-07T12:40:22.861-03:00  INFO 147658 --- [itau-backend] [main] o.apache.catalina.core.StandardEngine    : Starting Servlet engine: [Apache Tomcat/11.0.15]
2026-02-07T12:40:22.885-03:00  INFO 147658 --- [itau-backend] [main] b.w.c.s.WebApplicationContextInitializer : Root WebApplicationContext: initialization completed in 597 ms
2026-02-07T12:40:23.228-03:00  INFO 147658 --- [itau-backend] [main] o.s.b.a.e.web.EndpointLinksResolver      : Exposing 3 endpoints beneath base path '/actuator'
2026-02-07T12:40:23.279-03:00  INFO 147658 --- [itau-backend] [main] o.s.boot.tomcat.TomcatWebServer          : Tomcat started on port 8080 (http) with context path '/'
2026-02-07T12:40:23.284-03:00  INFO 147658 --- [itau-backend] [main] c.e.itau_backend.ItauBackendApplication  : Started ItauBackendApplication in 1.281 seconds (process running for 1.509)
2026-02-07T12:41:23.099-03:00  INFO 147658 --- [itau-backend] [http-nio-8080-exec-1] o.a.c.c.C.[Tomcat].[localhost].[/]       : Initializing Spring DispatcherServlet 'dispatcherServlet'
2026-02-07T12:41:23.099-03:00  INFO 147658 --- [itau-backend] [http-nio-8080-exec-1] o.s.web.servlet.DispatcherServlet        : Initializing Servlet 'dispatcherServlet'
2026-02-07T12:41:23.100-03:00  INFO 147658 --- [itau-backend] [http-nio-8080-exec-1] o.s.web.servlet.DispatcherServlet        : Completed initialization in 1 ms
2026-02-07T12:41:23.166-03:00  INFO 147658 --- [itau-backend] [http-nio-8080-exec-1] c.e.i.common.logger.LoggerRequestFilter  : Request: GET/estatistica | Response: 200 | Duration: 60ms
2026-02-07T12:41:27.496-03:00  INFO 147658 --- [itau-backend] [http-nio-8080-exec-3] c.e.i.common.logger.LoggerRequestFilter  : Request: GET/estatistica | Response: 200 | Duration: 2ms
2026-02-07T12:41:32.068-03:00  INFO 147658 --- [itau-backend] [http-nio-8080-exec-4] c.e.i.common.logger.LoggerRequestFilter  : Request: GET/actuator/prometheus | Response: 200 | Duration: 26ms
2026-02-07T12:43:23.075-03:00  INFO 147658 --- [itau-backend] [SpringApplicationShutdownHook] o.s.boot.tomcat.GracefulShutdown         : Commencing graceful shutdown. Waiting for active requests to complete
2026-02-07T12:43:23.078-03:00  INFO 147658 --- [itau-backend] [tomcat-shutdown] o.s.boot.tomcat.GracefulShutdown         : Graceful shutdown complete
